Copying from /d/Projetos/05 - GitHub/AI-0088 to cepa@arquivos.atp.usp.br:/work/PUBLICACAO/atividades-interativas/AI-0088
building file list ... done
./
AI-0088_SCO.zip
<<<<<<< HEAD
index.html
css/
css/style.css
css/smoothness/
css/smoothness/jquery-ui-1.8.19.custom.css
css/smoothness/images/
css/smoothness/images/ui-bg_flat_0_aaaaaa_40x100.png
css/smoothness/images/ui-bg_flat_75_ffffff_40x100.png
css/smoothness/images/ui-bg_glass_55_fbf9ee_1x400.png
css/smoothness/images/ui-bg_glass_65_ffffff_1x400.png
css/smoothness/images/ui-bg_glass_75_dadada_1x400.png
css/smoothness/images/ui-bg_glass_75_e6e6e6_1x400.png
css/smoothness/images/ui-bg_glass_95_fef1ec_1x400.png
css/smoothness/images/ui-bg_highlight-soft_75_cccccc_1x100.png
css/smoothness/images/ui-icons_222222_256x240.png
css/smoothness/images/ui-icons_2e83ff_256x240.png
css/smoothness/images/ui-icons_454545_256x240.png
css/smoothness/images/ui-icons_888888_256x240.png
css/smoothness/images/ui-icons_cd0a0a_256x240.png
images/
images/Snapshotsdopendulo.psd
images/pendulo_alto.png
images/pendulo_baixo.png
js/
js/SCORM_API_wrapper.js
js/jquery-1.4.2.min.js
js/jquery-ui-1.8.6.custom.min.js
=======
js/SCORM_API_wrapper.js
js/jquery-1.4.2.min.js
>>>>>>> bfc5557bb966e5c23e443db1281150d505d7ce31
js/scorm-config.js
js/swfobject.js
swf/
swf/AI-0088.swf
swf/AI_Loader.swf
swf/expressInstall.swf

<<<<<<< HEAD
sent 602414 bytes  received 6937 bytes  406234.00 bytes/sec
total size is 727908  speedup is 1.19
=======
sent 72739 bytes  received 3271 bytes  152020.00 bytes/sec
total size is 727071  speedup is 9.57
>>>>>>> bfc5557bb966e5c23e443db1281150d505d7ce31
